<?xml version="1.0" encoding="UTF-8"?>
<!-- Generated by org.testng.reporters.JUnitXMLReporter -->
<testsuite ignored="0" hostname="meeshans-MacBook-Air.local" failures="1" tests="3" name="Test" time="37.727" errors="0" timestamp="2024-05-30T12:22:09 IST">
  <testcase classname="listerners.capturedScreenShotOnFailed" name="dwsLoginCorrect" time="11.454"/>
  <testcase classname="listerners.capturedScreenShotOnFailed" name="dwsLoginWrong" time="4.729"/>
  <testcase classname="listerners.capturedScreenShotOnFailed" name="redBus" time="15.482">
    <failure type="java.lang.AssertionError" message="expected:&amp;lt;javed&amp;gt; but was:&amp;lt;java&amp;gt;">
      <![CDATA[java.lang.AssertionError: expected:<javed> but was:<java>
at listerners.capturedScreenShotOnFailed.redBus(capturedScreenShotOnFailed.java:44)
at java.base/java.util.ArrayList.forEach(ArrayList.java:1511)
... Removed 29 stack frames]]>
    </failure>
  </testcase> <!-- redBus -->
</testsuite> <!-- Test -->
